<?xml version="1.0" encoding="UTF-8"?>
<!-- Generated by org.testng.reporters.JUnitReportReporter -->
<testsuite name="com.qa.testcases.TC_004_PUT_Employee_Record" tests="2" time="0.016" ignored="3" failures="0" timestamp="28 Dec 2019 03:40:06 GMT" skipped="0" hostname="nitin" errors="0">
  <testcase name="checkStatusCode" time="0.010" classname="com.qa.testcases.TC_004_PUT_Employee_Record"/>
  <testcase name="checkBody" time="0.006" classname="com.qa.testcases.TC_004_PUT_Employee_Record"/>
  <testcase name="checkContentEncoding" classname="com.qa.testcases.TC_004_PUT_Employee_Record">
    <skipped/>
  </testcase> <!-- checkContentEncoding -->
  <testcase name="checkContentEncoding" classname="com.qa.testcases.TC_003_POST_New_Employee_Record">
    <skipped/>
  </testcase> <!-- checkContentEncoding -->
  <testcase name="checkContentEncoding" classname="com.qa.testcases.TC_002_Get_Single_Employee_Data">
    <skipped/>
  </testcase> <!-- checkContentEncoding -->
</testsuite> <!-- com.qa.testcases.TC_004_PUT_Employee_Record -->
