<?xml version="1.0" encoding="UTF-8"?>
<!-- Generated by org.testng.reporters.JUnitReportReporter -->
<testsuite name="com.qa.testcases.TC_002_Get_Single_Employee_Data" tests="4" time="0.028" ignored="4" failures="0" timestamp="28 Dec 2019 08:10:39 GMT" skipped="0" hostname="nitin" errors="0">
  <testcase name="checkEmplyeeData" time="0.013" classname="com.qa.testcases.TC_002_Get_Single_Employee_Data"/>
  <testcase name="checkStatusLine" time="0.006" classname="com.qa.testcases.TC_002_Get_Single_Employee_Data"/>
  <testcase name="checkContentType" time="0.002" classname="com.qa.testcases.TC_002_Get_Single_Employee_Data"/>
  <testcase name="checkStatusCode" time="0.007" classname="com.qa.testcases.TC_002_Get_Single_Employee_Data"/>
  <testcase name="checkContentEncoding" classname="com.qa.testcases.TC_003_POST_New_Employee_Record">
    <skipped/>
  </testcase> <!-- checkContentEncoding -->
  <testcase name="checkContentEncoding" classname="com.qa.testcases.TC_004_PUT_Employee_Record">
    <skipped/>
  </testcase> <!-- checkContentEncoding -->
  <testcase name="checkContentEncoding" classname="com.qa.testcases.TC_002_Get_Single_Employee_Data">
    <skipped/>
  </testcase> <!-- checkContentEncoding -->
  <testcase name="getAllHeaders" classname="com.qa.testcases.TC_001_Get_All_Employee">
    <skipped/>
  </testcase> <!-- getAllHeaders -->
</testsuite> <!-- com.qa.testcases.TC_002_Get_Single_Employee_Data -->
