<?xml version="1.0" encoding="UTF-8"?>
<!-- Generated by org.testng.reporters.JUnitReportReporter -->
<testsuite name="com.qa.testcases.TC_001_Get_All_Employee" tests="6" time="0.247" ignored="4" failures="0" timestamp="28 Dec 2019 08:10:39 GMT" skipped="0" hostname="nitin" errors="0">
  <testcase name="validateStatusCode" time="0.015" classname="com.qa.testcases.TC_001_Get_All_Employee"/>
  <testcase name="checkstatusLine" time="0.012" classname="com.qa.testcases.TC_001_Get_All_Employee"/>
  <testcase name="verifyResponseBody" time="0.165" classname="com.qa.testcases.TC_001_Get_All_Employee"/>
  <testcase name="checkContentEncodingHeader" time="0.035" classname="com.qa.testcases.TC_001_Get_All_Employee"/>
  <testcase name="checkServerTypeHeader" time="0.010" classname="com.qa.testcases.TC_001_Get_All_Employee"/>
  <testcase name="checkResponseTime" time="0.010" classname="com.qa.testcases.TC_001_Get_All_Employee"/>
  <testcase name="checkContentEncoding" classname="com.qa.testcases.TC_003_POST_New_Employee_Record">
    <skipped/>
  </testcase> <!-- checkContentEncoding -->
  <testcase name="checkContentEncoding" classname="com.qa.testcases.TC_004_PUT_Employee_Record">
    <skipped/>
  </testcase> <!-- checkContentEncoding -->
  <testcase name="checkContentEncoding" classname="com.qa.testcases.TC_002_Get_Single_Employee_Data">
    <skipped/>
  </testcase> <!-- checkContentEncoding -->
  <testcase name="getAllHeaders" classname="com.qa.testcases.TC_001_Get_All_Employee">
    <skipped/>
  </testcase> <!-- getAllHeaders -->
</testsuite> <!-- com.qa.testcases.TC_001_Get_All_Employee -->
