<?xml version="1.0" encoding="UTF-8"?>
<!-- Generated by org.testng.reporters.JUnitReportReporter -->
<testsuite name="com.qa.testcases.TC_001_Get_All_Employee" tests="7" time="0.062" ignored="3" failures="0" timestamp="28 Dec 2019 03:40:06 GMT" skipped="0" hostname="nitin" errors="0">
  <testcase name="checkstatusLine" time="0.003" classname="com.qa.testcases.TC_001_Get_All_Employee"/>
  <testcase name="validateStatusCode" time="0.014" classname="com.qa.testcases.TC_001_Get_All_Employee"/>
  <testcase name="getAllHeaders" time="0.010" classname="com.qa.testcases.TC_001_Get_All_Employee"/>
  <testcase name="checkResponseTime" time="0.013" classname="com.qa.testcases.TC_001_Get_All_Employee"/>
  <testcase name="checkServerTypeHeader" time="0.004" classname="com.qa.testcases.TC_001_Get_All_Employee"/>
  <testcase name="verifyResponseBody" time="0.014" classname="com.qa.testcases.TC_001_Get_All_Employee"/>
  <testcase name="checkContentEncodingHeader" time="0.004" classname="com.qa.testcases.TC_001_Get_All_Employee"/>
  <testcase name="checkContentEncoding" classname="com.qa.testcases.TC_004_PUT_Employee_Record">
    <skipped/>
  </testcase> <!-- checkContentEncoding -->
  <testcase name="checkContentEncoding" classname="com.qa.testcases.TC_003_POST_New_Employee_Record">
    <skipped/>
  </testcase> <!-- checkContentEncoding -->
  <testcase name="checkContentEncoding" classname="com.qa.testcases.TC_002_Get_Single_Employee_Data">
    <skipped/>
  </testcase> <!-- checkContentEncoding -->
</testsuite> <!-- com.qa.testcases.TC_001_Get_All_Employee -->
