<?xml version="1.0" encoding="UTF-8"?>
<!-- Generated by org.testng.reporters.JUnitReportReporter -->
<testsuite name="com.qa.testcases.TC_005_DELETE_Employee_Record" tests="1" time="0.023" ignored="3" failures="0" timestamp="28 Dec 2019 03:40:06 GMT" skipped="0" hostname="nitin" errors="0">
  <testcase name="checkResponseBody" time="0.023" classname="com.qa.testcases.TC_005_DELETE_Employee_Record"/>
  <testcase name="checkContentEncoding" classname="com.qa.testcases.TC_004_PUT_Employee_Record">
    <skipped/>
  </testcase> <!-- checkContentEncoding -->
  <testcase name="checkContentEncoding" classname="com.qa.testcases.TC_003_POST_New_Employee_Record">
    <skipped/>
  </testcase> <!-- checkContentEncoding -->
  <testcase name="checkContentEncoding" classname="com.qa.testcases.TC_002_Get_Single_Employee_Data">
    <skipped/>
  </testcase> <!-- checkContentEncoding -->
</testsuite> <!-- com.qa.testcases.TC_005_DELETE_Employee_Record -->
